# JRE version: Java(TM) SE Runtime Environment (8.0_121-b13) (build 1.8.0_121-b13)
# Java VM: Java HotSpot(TM) 64-Bit Server VM (25.121-b13 mixed mode windows-amd64 compressed oops)
Heap:
 PSYoungGen      total 71680K, used 19466K [0x00000000d5580000, 0x00000000da080000, 0x0000000100000000)
  eden space 66560K, 22% used [0x00000000d5580000,0x00000000d63cddd0,0x00000000d9680000)
  from space 5120K, 94% used [0x00000000d9b80000,0x00000000da034a30,0x00000000da080000)
  to   space 5120K, 0% used [0x00000000d9680000,0x00000000d9680000,0x00000000d9b80000)
 ParOldGen       total 51200K, used 26956K [0x0000000080000000, 0x0000000083200000, 0x00000000d5580000)
  object space 51200K, 52% used [0x0000000080000000,0x0000000081a53090,0x0000000083200000)
 Metaspace       used 41002K, capacity 42825K, committed 43136K, reserved 1089536K
  class space    used 5772K, capacity 6146K, committed 6272K, reserved 1048576K
GC Heap History (10 events):
Event: 6.443 GC heap before
{Heap before GC invocations=12 (full 2):
 PSYoungGen      total 71680K, used 5108K [0x00000000d5580000, 0x00000000da080000, 0x0000000100000000)
  eden space 66560K, 0% used [0x00000000d5580000,0x00000000d5580000,0x00000000d9680000)
  from space 5120K, 99% used [0x00000000d9b80000,0x00000000da07d060,0x00000000da080000)
  to   space 5120K, 0% used [0x00000000d9680000,0x00000000d9680000,0x00000000d9b80000)
 ParOldGen       total 51200K, used 22117K [0x0000000080000000, 0x0000000083200000, 0x00000000d5580000)
  object space 51200K, 43% used [0x0000000080000000,0x0000000081599630,0x0000000083200000)
 Metaspace       used 32727K, capacity 34146K, committed 34304K, reserved 1081344K
  class space    used 4459K, capacity 4764K, committed 4864K, reserved 1048576K
Event: 6.538 GC heap after
Heap after GC invocations=12 (full 2):
 PSYoungGen      total 71680K, used 0K [0x00000000d5580000, 0x00000000da080000, 0x0000000100000000)
  eden space 66560K, 0% used [0x00000000d5580000,0x00000000d5580000,0x00000000d9680000)
  from space 5120K, 0% used [0x00000000d9b80000,0x00000000d9b80000,0x00000000da080000)
  to   space 5120K, 0% used [0x00000000d9680000,0x00000000d9680000,0x00000000d9b80000)
 ParOldGen       total 51200K, used 20811K [0x0000000080000000, 0x0000000083200000, 0x00000000d5580000)
  object space 51200K, 40% used [0x0000000080000000,0x0000000081452c48,0x0000000083200000)
 Metaspace       used 32727K, capacity 34146K, committed 34304K, reserved 1081344K
  class space    used 4459K, capacity 4764K, committed 4864K, reserved 1048576K
}
Event: 7.265 GC heap before
{Heap before GC invocations=13 (full 2):
 PSYoungGen      total 71680K, used 66560K [0x00000000d5580000, 0x00000000da080000, 0x0000000100000000)
  eden space 66560K, 100% used [0x00000000d5580000,0x00000000d9680000,0x00000000d9680000)
  from space 5120K, 0% used [0x00000000d9b80000,0x00000000d9b80000,0x00000000da080000)
  to   space 5120K, 0% used [0x00000000d9680000,0x00000000d9680000,0x00000000d9b80000)
 ParOldGen       total 51200K, used 20811K [0x0000000080000000, 0x0000000083200000, 0x00000000d5580000)
  object space 51200K, 40% used [0x0000000080000000,0x0000000081452c48,0x0000000083200000)
 Metaspace       used 34713K, capacity 36454K, committed 36608K, reserved 1083392K
  class space    used 4756K, capacity 5114K, committed 5120K, reserved 1048576K
Event: 7.272 GC heap after
Heap after GC invocations=13 (full 2):
 PSYoungGen      total 71680K, used 3862K [0x00000000d5580000, 0x00000000da080000, 0x0000000100000000)
  eden space 66560K, 0% used [0x00000000d5580000,0x00000000d5580000,0x00000000d9680000)
  from space 5120K, 75% used [0x00000000d9680000,0x00000000d9a45b40,0x00000000d9b80000)
  to   space 5120K, 0% used [0x00000000d9b80000,0x00000000d9b80000,0x00000000da080000)
 ParOldGen       total 51200K, used 20819K [0x0000000080000000, 0x0000000083200000, 0x00000000d5580000)
  object space 51200K, 40% used [0x0000000080000000,0x0000000081454c48,0x0000000083200000)
 Metaspace       used 34713K, capacity 36454K, committed 36608K, reserved 1083392K
  class space    used 4756K, capacity 5114K, committed 5120K, reserved 1048576K
}
Event: 7.970 GC heap before
{Heap before GC invocations=14 (full 2):
 PSYoungGen      total 71680K, used 70422K [0x00000000d5580000, 0x00000000da080000, 0x0000000100000000)
  eden space 66560K, 100% used [0x00000000d5580000,0x00000000d9680000,0x00000000d9680000)
  from space 5120K, 75% used [0x00000000d9680000,0x00000000d9a45b40,0x00000000d9b80000)
  to   space 5120K, 0% used [0x00000000d9b80000,0x00000000d9b80000,0x00000000da080000)
 ParOldGen       total 51200K, used 20819K [0x0000000080000000, 0x0000000083200000, 0x00000000d5580000)
  object space 51200K, 40% used [0x0000000080000000,0x0000000081454c48,0x0000000083200000)
 Metaspace       used 35538K, capacity 37314K, committed 37504K, reserved 1085440K
  class space    used 4880K, capacity 5236K, committed 5248K, reserved 1048576K
Event: 7.982 GC heap after
Heap after GC invocations=14 (full 2):
 PSYoungGen      total 71680K, used 4467K [0x00000000d5580000, 0x00000000da080000, 0x0000000100000000)
  eden space 66560K, 0% used [0x00000000d5580000,0x00000000d5580000,0x00000000d9680000)
  from space 5120K, 87% used [0x00000000d9b80000,0x00000000d9fdcf08,0x00000000da080000)
  to   space 5120K, 0% used [0x00000000d9680000,0x00000000d9680000,0x00000000d9b80000)
 ParOldGen       total 51200K, used 23038K [0x0000000080000000, 0x0000000083200000, 0x00000000d5580000)
  object space 51200K, 44% used [0x0000000080000000,0x000000008167f898,0x0000000083200000)
 Metaspace       used 35538K, capacity 37314K, committed 37504K, reserved 1085440K
  class space    used 4880K, capacity 5236K, committed 5248K, reserved 1048576K
}
Event: 8.605 GC heap before
{Heap before GC invocations=15 (full 2):
 PSYoungGen      total 71680K, used 71027K [0x00000000d5580000, 0x00000000da080000, 0x0000000100000000)
  eden space 66560K, 100% used [0x00000000d5580000,0x00000000d9680000,0x00000000d9680000)
  from space 5120K, 87% used [0x00000000d9b80000,0x00000000d9fdcf08,0x00000000da080000)
  to   space 5120K, 0% used [0x00000000d9680000,0x00000000d9680000,0x00000000d9b80000)
 ParOldGen       total 51200K, used 23038K [0x0000000080000000, 0x0000000083200000, 0x00000000d5580000)
  object space 51200K, 44% used [0x0000000080000000,0x000000008167f898,0x0000000083200000)
 Metaspace       used 36177K, capacity 37956K, committed 38144K, reserved 1085440K
  class space    used 4976K, capacity 5317K, committed 5376K, reserved 1048576K
Event: 8.613 GC heap after
Heap after GC invocations=15 (full 2):
 PSYoungGen      total 71680K, used 2403K [0x00000000d5580000, 0x00000000da080000, 0x0000000100000000)
  eden space 66560K, 0% used [0x00000000d5580000,0x00000000d5580000,0x00000000d9680000)
  from space 5120K, 46% used [0x00000000d9680000,0x00000000d98d8d98,0x00000000d9b80000)
  to   space 5120K, 0% used [0x00000000d9b80000,0x00000000d9b80000,0x00000000da080000)
 ParOldGen       total 51200K, used 24908K [0x0000000080000000, 0x0000000083200000, 0x00000000d5580000)
  object space 51200K, 48% used [0x0000000080000000,0x0000000081853090,0x0000000083200000)
 Metaspace       used 36177K, capacity 37956K, committed 38144K, reserved 1085440K
  class space    used 4976K, capacity 5317K, committed 5376K, reserved 1048576K
}
Event: 9.414 GC heap before
{Heap before GC invocations=16 (full 2):
 PSYoungGen      total 71680K, used 68963K [0x00000000d5580000, 0x00000000da080000, 0x0000000100000000)
  eden space 66560K, 100% used [0x00000000d5580000,0x00000000d9680000,0x00000000d9680000)
  from space 5120K, 46% used [0x00000000d9680000,0x00000000d98d8d98,0x00000000d9b80000)
  to   space 5120K, 0% used [0x00000000d9b80000,0x00000000d9b80000,0x00000000da080000)
 ParOldGen       total 51200K, used 24908K [0x0000000080000000, 0x0000000083200000, 0x00000000d5580000)
  object space 51200K, 48% used [0x0000000080000000,0x0000000081853090,0x0000000083200000)
 Metaspace       used 40879K, capacity 42720K, committed 43008K, reserved 1089536K
  class space    used 5758K, capacity 6111K, committed 6144K, reserved 1048576K
Event: 9.424 GC heap after
Heap after GC invocations=16 (full 2):
 PSYoungGen      total 71680K, used 4818K [0x00000000d5580000, 0x00000000da080000, 0x0000000100000000)
  eden space 66560K, 0% used [0x00000000d5580000,0x00000000d5580000,0x00000000d9680000)
  from space 5120K, 94% used [0x00000000d9b80000,0x00000000da034a30,0x00000000da080000)
  to   space 5120K, 0% used [0x00000000d9680000,0x00000000d9680000,0x00000000d9b80000)
 ParOldGen       total 51200K, used 26956K [0x0000000080000000, 0x0000000083200000, 0x00000000d5580000)
  object space 51200K, 52% used [0x0000000080000000,0x0000000081a53090,0x0000000083200000)
 Metaspace       used 40879K, capacity 42720K, committed 43008K, reserved 1089536K
  class space    used 5758K, capacity 6111K, committed 6144K, reserved 1048576K
}

