# JRE version: Java(TM) SE Runtime Environment (8.0_121-b13) (build 1.8.0_121-b13)
# Java VM: Java HotSpot(TM) 64-Bit Server VM (25.121-b13 mixed mode windows-amd64 compressed oops)
Heap:
 PSYoungGen      total 69632K, used 47986K [0x00000000d5580000, 0x00000000daf80000, 0x0000000100000000)
  eden space 64512K, 74% used [0x00000000d5580000,0x00000000d845c9c0,0x00000000d9480000)
  from space 5120K, 0% used [0x00000000d9480000,0x00000000d9480000,0x00000000d9980000)
  to   space 6144K, 0% used [0x00000000da980000,0x00000000da980000,0x00000000daf80000)
 ParOldGen       total 47104K, used 12884K [0x0000000080000000, 0x0000000082e00000, 0x00000000d5580000)
  object space 47104K, 27% used [0x0000000080000000,0x0000000080c952a0,0x0000000082e00000)
 Metaspace       used 29800K, capacity 31154K, committed 31232K, reserved 1087488K
  class space    used 4004K, capacity 4291K, committed 4352K, reserved 1048576K
GC Heap History (10 events):
Event: 3.044 GC heap before
{Heap before GC invocations=8 (full 2):
 PSYoungGen      total 59392K, used 3072K [0x00000000d5580000, 0x00000000d9e80000, 0x0000000100000000)
  eden space 56320K, 0% used [0x00000000d5580000,0x00000000d5580000,0x00000000d8c80000)
  from space 3072K, 100% used [0x00000000d9b80000,0x00000000d9e80000,0x00000000d9e80000)
  to   space 5120K, 0% used [0x00000000d9480000,0x00000000d9480000,0x00000000d9980000)
 ParOldGen       total 47104K, used 5896K [0x0000000080000000, 0x0000000082e00000, 0x00000000d5580000)
  object space 47104K, 12% used [0x0000000080000000,0x00000000805c2178,0x0000000082e00000)
 Metaspace       used 22679K, capacity 23550K, committed 23680K, reserved 1071104K
  class space    used 3009K, capacity 3243K, committed 3328K, reserved 1048576K
Event: 3.105 GC heap after
Heap after GC invocations=8 (full 2):
 PSYoungGen      total 59392K, used 0K [0x00000000d5580000, 0x00000000d9e80000, 0x0000000100000000)
  eden space 56320K, 0% used [0x00000000d5580000,0x00000000d5580000,0x00000000d8c80000)
  from space 3072K, 0% used [0x00000000d9b80000,0x00000000d9b80000,0x00000000d9e80000)
  to   space 5120K, 0% used [0x00000000d9480000,0x00000000d9480000,0x00000000d9980000)
 ParOldGen       total 47104K, used 7643K [0x0000000080000000, 0x0000000082e00000, 0x00000000d5580000)
  object space 47104K, 16% used [0x0000000080000000,0x0000000080776da0,0x0000000082e00000)
 Metaspace       used 22679K, capacity 23550K, committed 23680K, reserved 1071104K
  class space    used 3009K, capacity 3243K, committed 3328K, reserved 1048576K
}
Event: 4.765 GC heap before
{Heap before GC invocations=9 (full 2):
 PSYoungGen      total 59392K, used 56320K [0x00000000d5580000, 0x00000000d9e80000, 0x0000000100000000)
  eden space 56320K, 100% used [0x00000000d5580000,0x00000000d8c80000,0x00000000d8c80000)
  from space 3072K, 0% used [0x00000000d9b80000,0x00000000d9b80000,0x00000000d9e80000)
  to   space 5120K, 0% used [0x00000000d9480000,0x00000000d9480000,0x00000000d9980000)
 ParOldGen       total 47104K, used 7643K [0x0000000080000000, 0x0000000082e00000, 0x00000000d5580000)
  object space 47104K, 16% used [0x0000000080000000,0x0000000080776da0,0x0000000082e00000)
 Metaspace       used 24474K, capacity 25410K, committed 25600K, reserved 1073152K
  class space    used 3239K, capacity 3461K, committed 3584K, reserved 1048576K
Event: 4.772 GC heap after
Heap after GC invocations=9 (full 2):
 PSYoungGen      total 69632K, used 4380K [0x00000000d5580000, 0x00000000daf80000, 0x0000000100000000)
  eden space 64512K, 0% used [0x00000000d5580000,0x00000000d5580000,0x00000000d9480000)
  from space 5120K, 85% used [0x00000000d9480000,0x00000000d98c7190,0x00000000d9980000)
  to   space 6144K, 0% used [0x00000000da980000,0x00000000da980000,0x00000000daf80000)
 ParOldGen       total 47104K, used 7651K [0x0000000080000000, 0x0000000082e00000, 0x00000000d5580000)
  object space 47104K, 16% used [0x0000000080000000,0x0000000080778da0,0x0000000082e00000)
 Metaspace       used 24474K, capacity 25410K, committed 25600K, reserved 1073152K
  class space    used 3239K, capacity 3461K, committed 3584K, reserved 1048576K
}
Event: 5.422 GC heap before
{Heap before GC invocations=10 (full 2):
 PSYoungGen      total 69632K, used 68892K [0x00000000d5580000, 0x00000000daf80000, 0x0000000100000000)
  eden space 64512K, 100% used [0x00000000d5580000,0x00000000d9480000,0x00000000d9480000)
  from space 5120K, 85% used [0x00000000d9480000,0x00000000d98c7190,0x00000000d9980000)
  to   space 6144K, 0% used [0x00000000da980000,0x00000000da980000,0x00000000daf80000)
 ParOldGen       total 47104K, used 7651K [0x0000000080000000, 0x0000000082e00000, 0x00000000d5580000)
  object space 47104K, 16% used [0x0000000080000000,0x0000000080778da0,0x0000000082e00000)
 Metaspace       used 26487K, capacity 27456K, committed 27648K, reserved 1079296K
  class space    used 3577K, capacity 3802K, committed 3840K, reserved 1048576K
Event: 5.442 GC heap after
Heap after GC invocations=10 (full 2):
 PSYoungGen      total 70656K, used 6113K [0x00000000d5580000, 0x00000000daf80000, 0x0000000100000000)
  eden space 64512K, 0% used [0x00000000d5580000,0x00000000d5580000,0x00000000d9480000)
  from space 6144K, 99% used [0x00000000da980000,0x00000000daf78548,0x00000000daf80000)
  to   space 5120K, 0% used [0x00000000d9480000,0x00000000d9480000,0x00000000d9980000)
 ParOldGen       total 47104K, used 9043K [0x0000000080000000, 0x0000000082e00000, 0x00000000d5580000)
  object space 47104K, 19% used [0x0000000080000000,0x00000000808d4ff8,0x0000000082e00000)
 Metaspace       used 26487K, capacity 27456K, committed 27648K, reserved 1079296K
  class space    used 3577K, capacity 3802K, committed 3840K, reserved 1048576K
}
Event: 5.923 GC heap before
{Heap before GC invocations=11 (full 2):
 PSYoungGen      total 70656K, used 58695K [0x00000000d5580000, 0x00000000daf80000, 0x0000000100000000)
  eden space 64512K, 81% used [0x00000000d5580000,0x00000000d88d99d8,0x00000000d9480000)
  from space 6144K, 99% used [0x00000000da980000,0x00000000daf78548,0x00000000daf80000)
  to   space 5120K, 0% used [0x00000000d9480000,0x00000000d9480000,0x00000000d9980000)
 ParOldGen       total 47104K, used 9043K [0x0000000080000000, 0x0000000082e00000, 0x00000000d5580000)
  object space 47104K, 19% used [0x0000000080000000,0x00000000808d4ff8,0x0000000082e00000)
 Metaspace       used 28135K, capacity 29186K, committed 29440K, reserved 1087488K
  class space    used 3760K, capacity 4007K, committed 4096K, reserved 1048576K
Event: 5.935 GC heap after
Heap after GC invocations=11 (full 2):
 PSYoungGen      total 69632K, used 5104K [0x00000000d5580000, 0x00000000daf80000, 0x0000000100000000)
  eden space 64512K, 0% used [0x00000000d5580000,0x00000000d5580000,0x00000000d9480000)
  from space 5120K, 99% used [0x00000000d9480000,0x00000000d997c030,0x00000000d9980000)
  to   space 6144K, 0% used [0x00000000da980000,0x00000000da980000,0x00000000daf80000)
 ParOldGen       total 47104K, used 10720K [0x0000000080000000, 0x0000000082e00000, 0x00000000d5580000)
  object space 47104K, 22% used [0x0000000080000000,0x0000000080a78118,0x0000000082e00000)
 Metaspace       used 28135K, capacity 29186K, committed 29440K, reserved 1087488K
  class space    used 3760K, capacity 4007K, committed 4096K, reserved 1048576K
}
Event: 5.935 GC heap before
{Heap before GC invocations=12 (full 3):
 PSYoungGen      total 69632K, used 5104K [0x00000000d5580000, 0x00000000daf80000, 0x0000000100000000)
  eden space 64512K, 0% used [0x00000000d5580000,0x00000000d5580000,0x00000000d9480000)
  from space 5120K, 99% used [0x00000000d9480000,0x00000000d997c030,0x00000000d9980000)
  to   space 6144K, 0% used [0x00000000da980000,0x00000000da980000,0x00000000daf80000)
 ParOldGen       total 47104K, used 10720K [0x0000000080000000, 0x0000000082e00000, 0x00000000d5580000)
  object space 47104K, 22% used [0x0000000080000000,0x0000000080a78118,0x0000000082e00000)
 Metaspace       used 28135K, capacity 29186K, committed 29440K, reserved 1087488K
  class space    used 3760K, capacity 4007K, committed 4096K, reserved 1048576K
Event: 6.033 GC heap after
Heap after GC invocations=12 (full 3):
 PSYoungGen      total 69632K, used 0K [0x00000000d5580000, 0x00000000daf80000, 0x0000000100000000)
  eden space 64512K, 0% used [0x00000000d5580000,0x00000000d5580000,0x00000000d9480000)
  from space 5120K, 0% used [0x00000000d9480000,0x00000000d9480000,0x00000000d9980000)
  to   space 6144K, 0% used [0x00000000da980000,0x00000000da980000,0x00000000daf80000)
 ParOldGen       total 47104K, used 12884K [0x0000000080000000, 0x0000000082e00000, 0x00000000d5580000)
  object space 47104K, 27% used [0x0000000080000000,0x0000000080c952a0,0x0000000082e00000)
 Metaspace       used 28135K, capacity 29186K, committed 29440K, reserved 1085440K
  class space    used 3760K, capacity 4007K, committed 4096K, reserved 1048576K
}

