# JRE version: Java(TM) SE Runtime Environment (8.0_121-b13) (build 1.8.0_121-b13)
# Java VM: Java HotSpot(TM) 64-Bit Server VM (25.121-b13 mixed mode windows-amd64 compressed oops)
Heap:
 PSYoungGen      total 121856K, used 107623K [0x00000000d5580000, 0x00000000ddb80000, 0x0000000100000000)
  eden space 108544K, 99% used [0x00000000d5580000,0x00000000dbe99da8,0x00000000dbf80000)
  from space 13312K, 0% used [0x00000000dbf80000,0x00000000dbf80000,0x00000000dcc80000)
  to   space 10240K, 0% used [0x00000000dcc80000,0x00000000dcc80000,0x00000000dd680000)
 ParOldGen       total 53760K, used 17047K [0x0000000080000000, 0x0000000083480000, 0x00000000d5580000)
  object space 53760K, 31% used [0x0000000080000000,0x00000000810a5d50,0x0000000083480000)
 Metaspace       used 40812K, capacity 42860K, committed 43008K, reserved 1087488K
  class space    used 5434K, capacity 5799K, committed 5888K, reserved 1048576K
GC Heap History (10 events):
Event: 2.485 GC heap before
{Heap before GC invocations=5 (full 1):
 PSYoungGen      total 71680K, used 5105K [0x00000000d5580000, 0x00000000da080000, 0x0000000100000000)
  eden space 66560K, 0% used [0x00000000d5580000,0x00000000d5580000,0x00000000d9680000)
  from space 5120K, 99% used [0x00000000d9b80000,0x00000000da07c5d8,0x00000000da080000)
  to   space 5120K, 0% used [0x00000000d9680000,0x00000000d9680000,0x00000000d9b80000)
 ParOldGen       total 87552K, used 5365K [0x0000000080000000, 0x0000000085580000, 0x00000000d5580000)
  object space 87552K, 6% used [0x0000000080000000,0x000000008053d640,0x0000000085580000)
 Metaspace       used 20651K, capacity 21188K, committed 21296K, reserved 1067008K
  class space    used 2683K, capacity 2867K, committed 2944K, reserved 1048576K
Event: 2.518 GC heap after
Heap after GC invocations=5 (full 1):
 PSYoungGen      total 71680K, used 0K [0x00000000d5580000, 0x00000000da080000, 0x0000000100000000)
  eden space 66560K, 0% used [0x00000000d5580000,0x00000000d5580000,0x00000000d9680000)
  from space 5120K, 0% used [0x00000000d9b80000,0x00000000d9b80000,0x00000000da080000)
  to   space 5120K, 0% used [0x00000000d9680000,0x00000000d9680000,0x00000000d9b80000)
 ParOldGen       total 53760K, used 7400K [0x0000000080000000, 0x0000000083480000, 0x00000000d5580000)
  object space 53760K, 13% used [0x0000000080000000,0x000000008073a1d8,0x0000000083480000)
 Metaspace       used 20651K, capacity 21188K, committed 21296K, reserved 1067008K
  class space    used 2683K, capacity 2867K, committed 2944K, reserved 1048576K
}
Event: 3.452 GC heap before
{Heap before GC invocations=6 (full 1):
 PSYoungGen      total 71680K, used 66560K [0x00000000d5580000, 0x00000000da080000, 0x0000000100000000)
  eden space 66560K, 100% used [0x00000000d5580000,0x00000000d9680000,0x00000000d9680000)
  from space 5120K, 0% used [0x00000000d9b80000,0x00000000d9b80000,0x00000000da080000)
  to   space 5120K, 0% used [0x00000000d9680000,0x00000000d9680000,0x00000000d9b80000)
 ParOldGen       total 53760K, used 7400K [0x0000000080000000, 0x0000000083480000, 0x00000000d5580000)
  object space 53760K, 13% used [0x0000000080000000,0x000000008073a1d8,0x0000000083480000)
 Metaspace       used 27544K, capacity 28560K, committed 28800K, reserved 1075200K
  class space    used 3623K, capacity 3871K, committed 3968K, reserved 1048576K
Event: 3.466 GC heap after
Heap after GC invocations=6 (full 1):
 PSYoungGen      total 71680K, used 5107K [0x00000000d5580000, 0x00000000dd680000, 0x0000000100000000)
  eden space 66560K, 0% used [0x00000000d5580000,0x00000000d5580000,0x00000000d9680000)
  from space 5120K, 99% used [0x00000000d9680000,0x00000000d9b7cde0,0x00000000d9b80000)
  to   space 10240K, 0% used [0x00000000dcc80000,0x00000000dcc80000,0x00000000dd680000)
 ParOldGen       total 53760K, used 11454K [0x0000000080000000, 0x0000000083480000, 0x00000000d5580000)
  object space 53760K, 21% used [0x0000000080000000,0x0000000080b2f968,0x0000000083480000)
 Metaspace       used 27544K, capacity 28560K, committed 28800K, reserved 1075200K
  class space    used 3623K, capacity 3871K, committed 3968K, reserved 1048576K
}
Event: 4.497 GC heap before
{Heap before GC invocations=7 (full 1):
 PSYoungGen      total 71680K, used 71667K [0x00000000d5580000, 0x00000000dd680000, 0x0000000100000000)
  eden space 66560K, 100% used [0x00000000d5580000,0x00000000d9680000,0x00000000d9680000)
  from space 5120K, 99% used [0x00000000d9680000,0x00000000d9b7cde0,0x00000000d9b80000)
  to   space 10240K, 0% used [0x00000000dcc80000,0x00000000dcc80000,0x00000000dd680000)
 ParOldGen       total 53760K, used 11454K [0x0000000080000000, 0x0000000083480000, 0x00000000d5580000)
  object space 53760K, 21% used [0x0000000080000000,0x0000000080b2f968,0x0000000083480000)
 Metaspace       used 32652K, capacity 34080K, committed 34304K, reserved 1079296K
  class space    used 4276K, capacity 4553K, committed 4608K, reserved 1048576K
Event: 4.518 GC heap after
Heap after GC invocations=7 (full 1):
 PSYoungGen      total 118784K, used 10229K [0x00000000d5580000, 0x00000000ddb80000, 0x0000000100000000)
  eden space 108544K, 0% used [0x00000000d5580000,0x00000000d5580000,0x00000000dbf80000)
  from space 10240K, 99% used [0x00000000dcc80000,0x00000000dd67d7b0,0x00000000dd680000)
  to   space 13312K, 0% used [0x00000000dbf80000,0x00000000dbf80000,0x00000000dcc80000)
 ParOldGen       total 53760K, used 14594K [0x0000000080000000, 0x0000000083480000, 0x00000000d5580000)
  object space 53760K, 27% used [0x0000000080000000,0x0000000080e40af8,0x0000000083480000)
 Metaspace       used 32652K, capacity 34080K, committed 34304K, reserved 1079296K
  class space    used 4276K, capacity 4553K, committed 4608K, reserved 1048576K
}
Event: 4.919 GC heap before
{Heap before GC invocations=8 (full 1):
 PSYoungGen      total 118784K, used 45768K [0x00000000d5580000, 0x00000000ddb80000, 0x0000000100000000)
  eden space 108544K, 32% used [0x00000000d5580000,0x00000000d7834888,0x00000000dbf80000)
  from space 10240K, 99% used [0x00000000dcc80000,0x00000000dd67d7b0,0x00000000dd680000)
  to   space 13312K, 0% used [0x00000000dbf80000,0x00000000dbf80000,0x00000000dcc80000)
 ParOldGen       total 53760K, used 14594K [0x0000000080000000, 0x0000000083480000, 0x00000000d5580000)
  object space 53760K, 27% used [0x0000000080000000,0x0000000080e40af8,0x0000000083480000)
 Metaspace       used 33924K, capacity 35360K, committed 35456K, reserved 1079296K
  class space    used 4425K, capacity 4693K, committed 4736K, reserved 1048576K
Event: 4.937 GC heap after
Heap after GC invocations=8 (full 1):
 PSYoungGen      total 121856K, used 12207K [0x00000000d5580000, 0x00000000ddb80000, 0x0000000100000000)
  eden space 108544K, 0% used [0x00000000d5580000,0x00000000d5580000,0x00000000dbf80000)
  from space 13312K, 91% used [0x00000000dbf80000,0x00000000dcb6bea0,0x00000000dcc80000)
  to   space 10240K, 0% used [0x00000000dcc80000,0x00000000dcc80000,0x00000000dd680000)
 ParOldGen       total 53760K, used 14602K [0x0000000080000000, 0x0000000083480000, 0x00000000d5580000)
  object space 53760K, 27% used [0x0000000080000000,0x0000000080e42af8,0x0000000083480000)
 Metaspace       used 33924K, capacity 35360K, committed 35456K, reserved 1079296K
  class space    used 4425K, capacity 4693K, committed 4736K, reserved 1048576K
}
Event: 4.937 GC heap before
{Heap before GC invocations=9 (full 2):
 PSYoungGen      total 121856K, used 12207K [0x00000000d5580000, 0x00000000ddb80000, 0x0000000100000000)
  eden space 108544K, 0% used [0x00000000d5580000,0x00000000d5580000,0x00000000dbf80000)
  from space 13312K, 91% used [0x00000000dbf80000,0x00000000dcb6bea0,0x00000000dcc80000)
  to   space 10240K, 0% used [0x00000000dcc80000,0x00000000dcc80000,0x00000000dd680000)
 ParOldGen       total 53760K, used 14602K [0x0000000080000000, 0x0000000083480000, 0x00000000d5580000)
  object space 53760K, 27% used [0x0000000080000000,0x0000000080e42af8,0x0000000083480000)
 Metaspace       used 33924K, capacity 35360K, committed 35456K, reserved 1079296K
  class space    used 4425K, capacity 4693K, committed 4736K, reserved 1048576K
Event: 5.009 GC heap after
Heap after GC invocations=9 (full 2):
 PSYoungGen      total 121856K, used 0K [0x00000000d5580000, 0x00000000ddb80000, 0x0000000100000000)
  eden space 108544K, 0% used [0x00000000d5580000,0x00000000d5580000,0x00000000dbf80000)
  from space 13312K, 0% used [0x00000000dbf80000,0x00000000dbf80000,0x00000000dcc80000)
  to   space 10240K, 0% used [0x00000000dcc80000,0x00000000dcc80000,0x00000000dd680000)
 ParOldGen       total 53760K, used 17047K [0x0000000080000000, 0x0000000083480000, 0x00000000d5580000)
  object space 53760K, 31% used [0x0000000080000000,0x00000000810a5d50,0x0000000083480000)
 Metaspace       used 33924K, capacity 35360K, committed 35456K, reserved 1079296K
  class space    used 4425K, capacity 4693K, committed 4736K, reserved 1048576K
}

