# JRE version: Java(TM) SE Runtime Environment (8.0_121-b13) (build 1.8.0_121-b13)
# Java VM: Java HotSpot(TM) 64-Bit Server VM (25.121-b13 mixed mode windows-amd64 compressed oops)
Heap:
 PSYoungGen      total 71680K, used 12423K [0x00000000d5580000, 0x00000000da080000, 0x0000000100000000)
  eden space 66560K, 11% used [0x00000000d5580000,0x00000000d5ca75a8,0x00000000d9680000)
  from space 5120K, 99% used [0x00000000d9680000,0x00000000d9b7a960,0x00000000d9b80000)
  to   space 5120K, 0% used [0x00000000d9b80000,0x00000000d9b80000,0x00000000da080000)
 ParOldGen       total 89088K, used 25691K [0x0000000080000000, 0x0000000085700000, 0x00000000d5580000)
  object space 89088K, 28% used [0x0000000080000000,0x0000000081916cc0,0x0000000085700000)
 Metaspace       used 41718K, capacity 43876K, committed 44160K, reserved 1087488K
  class space    used 5558K, capacity 5933K, committed 6016K, reserved 1048576K
GC Heap History (10 events):
Event: 4.755 GC heap before
{Heap before GC invocations=7 (full 1):
 PSYoungGen      total 71680K, used 71674K [0x00000000d5580000, 0x00000000da080000, 0x0000000100000000)
  eden space 66560K, 100% used [0x00000000d5580000,0x00000000d9680000,0x00000000d9680000)
  from space 5120K, 99% used [0x00000000d9680000,0x00000000d9b7e848,0x00000000d9b80000)
  to   space 5120K, 0% used [0x00000000d9b80000,0x00000000d9b80000,0x00000000da080000)
 ParOldGen       total 54272K, used 11354K [0x0000000080000000, 0x0000000083500000, 0x00000000d5580000)
  object space 54272K, 20% used [0x0000000080000000,0x0000000080b168d0,0x0000000083500000)
 Metaspace       used 32665K, capacity 34080K, committed 34304K, reserved 1079296K
  class space    used 4276K, capacity 4553K, committed 4608K, reserved 1048576K
Event: 4.775 GC heap after
Heap after GC invocations=7 (full 1):
 PSYoungGen      total 71680K, used 5092K [0x00000000d5580000, 0x00000000da080000, 0x0000000100000000)
  eden space 66560K, 0% used [0x00000000d5580000,0x00000000d5580000,0x00000000d9680000)
  from space 5120K, 99% used [0x00000000d9b80000,0x00000000da079040,0x00000000da080000)
  to   space 5120K, 0% used [0x00000000d9680000,0x00000000d9680000,0x00000000d9b80000)
 ParOldGen       total 54272K, used 19640K [0x0000000080000000, 0x0000000083500000, 0x00000000d5580000)
  object space 54272K, 36% used [0x0000000080000000,0x000000008132e250,0x0000000083500000)
 Metaspace       used 32665K, capacity 34080K, committed 34304K, reserved 1079296K
  class space    used 4276K, capacity 4553K, committed 4608K, reserved 1048576K
}
Event: 5.184 GC heap before
{Heap before GC invocations=8 (full 1):
 PSYoungGen      total 71680K, used 39277K [0x00000000d5580000, 0x00000000da080000, 0x0000000100000000)
  eden space 66560K, 51% used [0x00000000d5580000,0x00000000d76e2500,0x00000000d9680000)
  from space 5120K, 99% used [0x00000000d9b80000,0x00000000da079040,0x00000000da080000)
  to   space 5120K, 0% used [0x00000000d9680000,0x00000000d9680000,0x00000000d9b80000)
 ParOldGen       total 54272K, used 19640K [0x0000000080000000, 0x0000000083500000, 0x00000000d5580000)
  object space 54272K, 36% used [0x0000000080000000,0x000000008132e250,0x0000000083500000)
 Metaspace       used 33918K, capacity 35364K, committed 35456K, reserved 1079296K
  class space    used 4423K, capacity 4693K, committed 4736K, reserved 1048576K
Event: 5.195 GC heap after
Heap after GC invocations=8 (full 1):
 PSYoungGen      total 71680K, used 5108K [0x00000000d5580000, 0x00000000da080000, 0x0000000100000000)
  eden space 66560K, 0% used [0x00000000d5580000,0x00000000d5580000,0x00000000d9680000)
  from space 5120K, 99% used [0x00000000d9680000,0x00000000d9b7d030,0x00000000d9b80000)
  to   space 5120K, 0% used [0x00000000d9b80000,0x00000000d9b80000,0x00000000da080000)
 ParOldGen       total 54272K, used 21608K [0x0000000080000000, 0x0000000083500000, 0x00000000d5580000)
  object space 54272K, 39% used [0x0000000080000000,0x000000008151a170,0x0000000083500000)
 Metaspace       used 33918K, capacity 35364K, committed 35456K, reserved 1079296K
  class space    used 4423K, capacity 4693K, committed 4736K, reserved 1048576K
}
Event: 5.195 GC heap before
{Heap before GC invocations=9 (full 2):
 PSYoungGen      total 71680K, used 5108K [0x00000000d5580000, 0x00000000da080000, 0x0000000100000000)
  eden space 66560K, 0% used [0x00000000d5580000,0x00000000d5580000,0x00000000d9680000)
  from space 5120K, 99% used [0x00000000d9680000,0x00000000d9b7d030,0x00000000d9b80000)
  to   space 5120K, 0% used [0x00000000d9b80000,0x00000000d9b80000,0x00000000da080000)
 ParOldGen       total 54272K, used 21608K [0x0000000080000000, 0x0000000083500000, 0x00000000d5580000)
  object space 54272K, 39% used [0x0000000080000000,0x000000008151a170,0x0000000083500000)
 Metaspace       used 33918K, capacity 35364K, committed 35456K, reserved 1079296K
  class space    used 4423K, capacity 4693K, committed 4736K, reserved 1048576K
Event: 5.271 GC heap after
Heap after GC invocations=9 (full 2):
 PSYoungGen      total 71680K, used 0K [0x00000000d5580000, 0x00000000da080000, 0x0000000100000000)
  eden space 66560K, 0% used [0x00000000d5580000,0x00000000d5580000,0x00000000d9680000)
  from space 5120K, 0% used [0x00000000d9680000,0x00000000d9680000,0x00000000d9b80000)
  to   space 5120K, 0% used [0x00000000d9b80000,0x00000000d9b80000,0x00000000da080000)
 ParOldGen       total 89088K, used 19265K [0x0000000080000000, 0x0000000085700000, 0x00000000d5580000)
  object space 89088K, 21% used [0x0000000080000000,0x00000000812d0510,0x0000000085700000)
 Metaspace       used 33918K, capacity 35364K, committed 35456K, reserved 1079296K
  class space    used 4423K, capacity 4693K, committed 4736K, reserved 1048576K
}
Event: 6.425 GC heap before
{Heap before GC invocations=10 (full 2):
 PSYoungGen      total 71680K, used 66560K [0x00000000d5580000, 0x00000000da080000, 0x0000000100000000)
  eden space 66560K, 100% used [0x00000000d5580000,0x00000000d9680000,0x00000000d9680000)
  from space 5120K, 0% used [0x00000000d9680000,0x00000000d9680000,0x00000000d9b80000)
  to   space 5120K, 0% used [0x00000000d9b80000,0x00000000d9b80000,0x00000000da080000)
 ParOldGen       total 89088K, used 19265K [0x0000000080000000, 0x0000000085700000, 0x00000000d5580000)
  object space 89088K, 21% used [0x0000000080000000,0x00000000812d0510,0x0000000085700000)
 Metaspace       used 39732K, capacity 41664K, committed 41728K, reserved 1085440K
  class space    used 5276K, capacity 5623K, committed 5632K, reserved 1048576K
Event: 6.436 GC heap after
Heap after GC invocations=10 (full 2):
 PSYoungGen      total 71680K, used 5113K [0x00000000d5580000, 0x00000000da080000, 0x0000000100000000)
  eden space 66560K, 0% used [0x00000000d5580000,0x00000000d5580000,0x00000000d9680000)
  from space 5120K, 99% used [0x00000000d9b80000,0x00000000da07e7d0,0x00000000da080000)
  to   space 5120K, 0% used [0x00000000d9680000,0x00000000d9680000,0x00000000d9b80000)
 ParOldGen       total 89088K, used 22092K [0x0000000080000000, 0x0000000085700000, 0x00000000d5580000)
  object space 89088K, 24% used [0x0000000080000000,0x0000000081593220,0x0000000085700000)
 Metaspace       used 39732K, capacity 41664K, committed 41728K, reserved 1085440K
  class space    used 5276K, capacity 5623K, committed 5632K, reserved 1048576K
}
Event: 7.079 GC heap before
{Heap before GC invocations=11 (full 2):
 PSYoungGen      total 71680K, used 71673K [0x00000000d5580000, 0x00000000da080000, 0x0000000100000000)
  eden space 66560K, 100% used [0x00000000d5580000,0x00000000d9680000,0x00000000d9680000)
  from space 5120K, 99% used [0x00000000d9b80000,0x00000000da07e7d0,0x00000000da080000)
  to   space 5120K, 0% used [0x00000000d9680000,0x00000000d9680000,0x00000000d9b80000)
 ParOldGen       total 89088K, used 22092K [0x0000000080000000, 0x0000000085700000, 0x00000000d5580000)
  object space 89088K, 24% used [0x0000000080000000,0x0000000081593220,0x0000000085700000)
 Metaspace       used 41661K, capacity 43864K, committed 44160K, reserved 1087488K
  class space    used 5550K, capacity 5931K, committed 6016K, reserved 1048576K
Event: 7.092 GC heap after
Heap after GC invocations=11 (full 2):
 PSYoungGen      total 71680K, used 5098K [0x00000000d5580000, 0x00000000da080000, 0x0000000100000000)
  eden space 66560K, 0% used [0x00000000d5580000,0x00000000d5580000,0x00000000d9680000)
  from space 5120K, 99% used [0x00000000d9680000,0x00000000d9b7a960,0x00000000d9b80000)
  to   space 5120K, 0% used [0x00000000d9b80000,0x00000000d9b80000,0x00000000da080000)
 ParOldGen       total 89088K, used 25691K [0x0000000080000000, 0x0000000085700000, 0x00000000d5580000)
  object space 89088K, 28% used [0x0000000080000000,0x0000000081916cc0,0x0000000085700000)
 Metaspace       used 41661K, capacity 43864K, committed 44160K, reserved 1087488K
  class space    used 5550K, capacity 5931K, committed 6016K, reserved 1048576K
}

